<?xml version="1.0" encoding="UTF-8"?>
<!-- Generated by org.testng.reporters.JUnitXMLReporter -->
<testsuite hostname="LAPTOP-R9KIGTRO" ignored="2" name="Command line test" tests="4" failures="1" timestamp="2020-07-22T12:47:49 IST" time="34.573" errors="0">
  <testcase name="f" time="0.003" classname="com.automation.test.automation_test.TestNgTest"/>
  <testcase name="f" time="0.001" classname="com.automation.test.automation_test.TestNgTest"/>
  <testcase name="clicksignin" time="3.601" classname="com.automation.test.automation_test.TestNgTest"/>
  <testcase name="createaccount" time="0.0" classname="com.automation.test.automation_test.TestNgTest">
    <failure type="org.testng.TestNGException" message="
Parameter &amp;apos;email_id&amp;apos; is required by @Test on method createaccount but has not been marked @Optional or defined
">
      <![CDATA[org.testng.TestNGException: 
Parameter 'email_id' is required by @Test on method createaccount but has not been marked @Optional or defined

at java.util.ArrayList.forEach(Unknown Source)
... Removed 36 stack frames]]>
    </failure>
  </testcase> <!-- createaccount -->
  <testcase name="register" time="0.0" classname="com.automation.test.automation_test.TestNgTest">
    <ignored/>
  </testcase> <!-- register -->
  <testcase name="checknames" time="0.0" classname="com.automation.test.automation_test.TestNgTest">
    <ignored/>
  </testcase> <!-- checknames -->
</testsuite> <!-- Command line test -->
